19:24:42.705 [main] INFO  org.testng.internal.Utils - [TestNG] Time taken by org.testng.internal.ExitCodeListener@13047d7d: 0 ms
20:01:34.322 [main] DEBUG org.testng.TestNG - suiteXmlPath: "C:\Workspaces\JavaSeleniumAutomation\Opencart\testng.xml"
20:01:35.076 [main] INFO  org.testng.internal.Utils - [TestNG] Running:
  C:\Workspaces\JavaSeleniumAutomation\Opencart\testng.xml

20:02:37.451 [main] DEBUG org.testng.TestNG - suiteXmlPath: "C:\Workspaces\JavaSeleniumAutomation\Opencart\testng.xml"
20:02:38.068 [main] INFO  org.testng.internal.Utils - [TestNG] Running:
  C:\Workspaces\JavaSeleniumAutomation\Opencart\testng.xml

20:05:08.824 [main] DEBUG org.testng.TestNG - suiteXmlPath: "C:\Workspaces\JavaSeleniumAutomation\Opencart\testng.xml"
20:05:09.610 [main] INFO  org.testng.internal.Utils - [TestNG] Running:
  C:\Workspaces\JavaSeleniumAutomation\Opencart\testng.xml

20:06:05.984 [main] DEBUG org.testng.TestNG - suiteXmlPath: "C:\Workspaces\JavaSeleniumAutomation\Opencart\testng.xml"
20:06:06.587 [main] INFO  org.testng.internal.Utils - [TestNG] Running:
  C:\Workspaces\JavaSeleniumAutomation\Opencart\testng.xml

20:07:30.283 [main] DEBUG org.testng.TestNG - suiteXmlPath: "C:\Workspaces\JavaSeleniumAutomation\Opencart\testng.xml"
20:07:30.986 [main] INFO  org.testng.internal.Utils - [TestNG] Running:
  C:\Workspaces\JavaSeleniumAutomation\Opencart\testng.xml

20:07:50.775 [main] INFO  testCases.TC001_AccountRegistrationTest - ***Starting TC001_AccountRegistrationTest Test case***
20:07:51.668 [main] INFO  testCases.TC001_AccountRegistrationTest - Clicked on My Account...
20:07:52.829 [main] INFO  testCases.TC001_AccountRegistrationTest - Clicked on Register link...
20:07:52.833 [main] INFO  testCases.TC001_AccountRegistrationTest - Providing customer details...
20:07:55.630 [main] INFO  testCases.TC001_AccountRegistrationTest - Validating Expected message...
20:07:55.761 [main] INFO  testCases.TC001_AccountRegistrationTest - ***Finished TC001_AccountRegistrationTest Test case***
20:15:17.794 [main] DEBUG org.testng.TestNG - suiteXmlPath: "C:\Workspaces\JavaSeleniumAutomation\Opencart\crossbrowsertesting.xml"
20:15:18.489 [main] INFO  org.testng.internal.Utils - [TestNG] Running:
  C:\Workspaces\JavaSeleniumAutomation\Opencart\crossbrowsertesting.xml

20:15:36.473 [main] INFO  testCases.TC001_AccountRegistrationTest - ***Starting TC001_AccountRegistrationTest Test case***
20:15:37.538 [main] INFO  testCases.TC001_AccountRegistrationTest - Clicked on My Account...
20:15:39.020 [main] INFO  testCases.TC001_AccountRegistrationTest - Clicked on Register link...
20:15:39.028 [main] INFO  testCases.TC001_AccountRegistrationTest - Providing customer details...
20:15:41.657 [main] INFO  testCases.TC001_AccountRegistrationTest - Validating Expected message...
20:15:41.718 [main] INFO  testCases.TC001_AccountRegistrationTest - ***Finished TC001_AccountRegistrationTest Test case***
20:16:06.573 [main] INFO  testCases.TC001_AccountRegistrationTest - ***Starting TC001_AccountRegistrationTest Test case***
20:16:07.260 [main] INFO  testCases.TC001_AccountRegistrationTest - Clicked on My Account...
20:16:08.734 [main] INFO  testCases.TC001_AccountRegistrationTest - Clicked on Register link...
20:16:08.735 [main] INFO  testCases.TC001_AccountRegistrationTest - Providing customer details...
20:16:11.678 [main] INFO  testCases.TC001_AccountRegistrationTest - Validating Expected message...
20:16:11.806 [main] INFO  testCases.TC001_AccountRegistrationTest - ***Finished TC001_AccountRegistrationTest Test case***
20:17:09.309 [main] INFO  testCases.TC001_AccountRegistrationTest - ***Starting TC001_AccountRegistrationTest Test case***
20:17:13.916 [main] INFO  testCases.TC001_AccountRegistrationTest - Clicked on My Account...
20:17:15.984 [main] INFO  testCases.TC001_AccountRegistrationTest - Clicked on Register link...
20:17:15.988 [main] INFO  testCases.TC001_AccountRegistrationTest - Providing customer details...
20:17:18.402 [main] INFO  testCases.TC001_AccountRegistrationTest - Validating Expected message...
20:17:18.550 [main] INFO  testCases.TC001_AccountRegistrationTest - ***Finished TC001_AccountRegistrationTest Test case***
20:17:53.791 [main] DEBUG org.testng.TestNG - suiteXmlPath: "C:\Workspaces\JavaSeleniumAutomation\Opencart\crossbrowsertesting.xml"
20:17:54.566 [main] INFO  org.testng.internal.Utils - [TestNG] Running:
  C:\Workspaces\JavaSeleniumAutomation\Opencart\crossbrowsertesting.xml

20:18:14.554 [TestNG-tests-1] INFO  testCases.TC001_AccountRegistrationTest - ***Starting TC001_AccountRegistrationTest Test case***
20:18:14.983 [TestNG-tests-1] INFO  testCases.TC001_AccountRegistrationTest - Clicked on My Account...
20:18:16.925 [TestNG-tests-1] INFO  testCases.TC001_AccountRegistrationTest - Clicked on Register link...
20:18:16.930 [TestNG-tests-1] INFO  testCases.TC001_AccountRegistrationTest - Providing customer details...
20:18:20.222 [TestNG-tests-2] INFO  testCases.TC001_AccountRegistrationTest - ***Starting TC001_AccountRegistrationTest Test case***
