12:21:12.088 [main] DEBUG org.testng.TestNG - suiteXmlPath: "C:\Workspaces\JavaSeleniumAutomation\Opencart\master.xml"
12:55:28.578 [main] DEBUG org.testng.TestNG - suiteXmlPath: "C:\Workspaces\JavaSeleniumAutomation\Opencart\master.xml"
20:39:14.174 [main] DEBUG org.testng.TestNG - suiteXmlPath: "C:\Workspaces\JavaSeleniumAutomation\Opencart\master.xml"
20:39:15.455 [main] INFO  org.testng.internal.Utils - [TestNG] Running:
  C:\Workspaces\JavaSeleniumAutomation\Opencart\master.xml

20:39:42.821 [main] INFO  testCases.TC001_AccountRegistrationTest - ***Starting TC001_AccountRegistrationTest Test case***
20:39:43.325 [main] INFO  testCases.TC001_AccountRegistrationTest - Clicked on My Account...
20:39:44.194 [main] INFO  testCases.TC001_AccountRegistrationTest - Clicked on Register link...
20:39:44.202 [main] INFO  testCases.TC001_AccountRegistrationTest - Providing customer details...
20:39:47.068 [main] INFO  testCases.TC001_AccountRegistrationTest - Validating Expected message...
20:39:47.247 [main] INFO  testCases.TC001_AccountRegistrationTest - ***Finished TC001_AccountRegistrationTest Test case***
20:40:07.071 [main] INFO  testCases.TC002_LoginTest - ***Starting TC002_LoginTest***
20:40:10.815 [main] INFO  testCases.TC002_LoginTest - ***Finished TC002_LoginTest***
14:58:24.958 [main] DEBUG org.testng.TestNG - suiteXmlPath: "C:\Workspaces\JavaSeleniumAutomation\Opencart\grid-docker.xml"
14:59:13.608 [main] INFO  org.testng.internal.Utils - [TestNG] Running:
  C:\Workspaces\JavaSeleniumAutomation\Opencart\grid-docker.xml

15:07:37.859 [main] DEBUG org.testng.TestNG - suiteXmlPath: "C:\Workspaces\JavaSeleniumAutomation\Opencart\master.xml"
15:07:39.550 [main] INFO  org.testng.internal.Utils - [TestNG] Running:
  C:\Workspaces\JavaSeleniumAutomation\Opencart\master.xml

15:10:15.820 [main] DEBUG org.testng.TestNG - suiteXmlPath: "C:\Workspaces\JavaSeleniumAutomation\Opencart\grid-docker.xml"
15:10:17.245 [main] INFO  org.testng.internal.Utils - [TestNG] Running:
  C:\Workspaces\JavaSeleniumAutomation\Opencart\grid-docker.xml

15:10:43.166 [main] INFO  testCases.TC001_AccountRegistrationTest - ***Starting TC001_AccountRegistrationTest Test case***
15:10:46.200 [main] INFO  testCases.TC001_AccountRegistrationTest - Clicked on My Account...
15:10:50.342 [main] INFO  testCases.TC001_AccountRegistrationTest - Clicked on Register link...
15:10:50.486 [main] INFO  testCases.TC001_AccountRegistrationTest - Providing customer details...
15:11:04.514 [main] INFO  testCases.TC001_AccountRegistrationTest - Validating Expected message...
15:11:05.063 [main] INFO  testCases.TC001_AccountRegistrationTest - ***Finished TC001_AccountRegistrationTest Test case***
15:11:27.904 [main] INFO  testCases.TC002_LoginTest - ***Starting TC002_LoginTest***
15:11:37.377 [main] INFO  testCases.TC002_LoginTest - ***Finished TC002_LoginTest***
15:15:36.095 [main] INFO  testCases.TC002_LoginTest - ***Starting TC002_LoginTest***
15:15:47.481 [main] INFO  testCases.TC002_LoginTest - ***Finished TC002_LoginTest***
15:17:09.161 [main] DEBUG org.testng.TestNG - suiteXmlPath: "C:\Workspaces\JavaSeleniumAutomation\Opencart\grid-docker.xml"
15:17:12.101 [main] INFO  org.testng.internal.Utils - [TestNG] Running:
  C:\Workspaces\JavaSeleniumAutomation\Opencart\grid-docker.xml

15:17:34.577 [main] INFO  testCases.TC001_AccountRegistrationTest - ***Starting TC001_AccountRegistrationTest Test case***
15:17:36.187 [main] INFO  testCases.TC001_AccountRegistrationTest - Clicked on My Account...
15:17:39.970 [main] INFO  testCases.TC001_AccountRegistrationTest - Clicked on Register link...
15:17:40.285 [main] INFO  testCases.TC001_AccountRegistrationTest - Providing customer details...
15:17:48.620 [main] INFO  testCases.TC001_AccountRegistrationTest - Validating Expected message...
15:17:49.485 [main] INFO  testCases.TC001_AccountRegistrationTest - ***Finished TC001_AccountRegistrationTest Test case***
15:18:10.082 [main] INFO  testCases.TC002_LoginTest - ***Starting TC002_LoginTest***
15:18:20.780 [main] INFO  testCases.TC002_LoginTest - ***Finished TC002_LoginTest***
15:19:42.241 [main] INFO  testCases.TC001_AccountRegistrationTest - ***Starting TC001_AccountRegistrationTest Test case***
15:19:43.172 [main] INFO  testCases.TC001_AccountRegistrationTest - Clicked on My Account...
15:19:46.366 [main] INFO  testCases.TC001_AccountRegistrationTest - Clicked on Register link...
15:19:46.369 [main] INFO  testCases.TC001_AccountRegistrationTest - Providing customer details...
15:19:55.452 [main] INFO  testCases.TC001_AccountRegistrationTest - Validating Expected message...
15:19:55.690 [main] INFO  testCases.TC001_AccountRegistrationTest - ***Finished TC001_AccountRegistrationTest Test case***
15:20:50.708 [main] INFO  testCases.TC002_LoginTest - ***Starting TC002_LoginTest***
15:20:57.531 [main] INFO  testCases.TC002_LoginTest - ***Finished TC002_LoginTest***
